TN:
SF:src/Typer.ts
FN:56,(anonymous_0)
FN:146,(anonymous_1)
FN:175,(anonymous_2)
FN:178,(anonymous_3)
FN:181,(anonymous_4)
FN:184,(anonymous_5)
FN:187,(anonymous_6)
FN:190,(anonymous_7)
FN:193,(anonymous_8)
FN:196,(anonymous_9)
FN:199,(anonymous_10)
FN:206,(anonymous_11)
FN:209,(anonymous_12)
FN:212,(anonymous_13)
FN:215,(anonymous_14)
FN:216,(anonymous_15)
FN:218,(anonymous_16)
FN:221,(anonymous_17)
FN:224,(anonymous_18)
FN:230,(anonymous_19)
FN:234,(anonymous_20)
FN:250,(anonymous_21)
FN:271,(anonymous_22)
FN:286,(anonymous_23)
FN:312,(anonymous_24)
FN:329,(anonymous_25)
FN:346,(anonymous_26)
FN:358,(anonymous_27)
FN:368,(anonymous_28)
FN:378,(anonymous_29)
FN:382,(anonymous_30)
FN:411,(anonymous_31)
FN:425,(anonymous_32)
FN:439,(anonymous_33)
FN:453,(anonymous_34)
FN:467,(anonymous_35)
FN:481,(anonymous_36)
FN:495,(anonymous_37)
FN:509,(anonymous_38)
FN:523,(anonymous_39)
FN:540,(anonymous_40)
FN:554,(anonymous_41)
FN:568,(anonymous_42)
FN:582,(anonymous_43)
FN:597,(anonymous_44)
FN:611,(anonymous_45)
FN:625,(anonymous_46)
FN:639,(anonymous_47)
FN:653,(anonymous_48)
FN:667,(anonymous_49)
FN:674,(anonymous_50)
FN:696,(anonymous_51)
FN:717,(anonymous_52)
FN:736,(anonymous_53)
FN:753,(anonymous_54)
FN:771,(anonymous_55)
FN:788,(anonymous_56)
FN:807,(anonymous_57)
FN:824,(anonymous_58)
FN:867,(anonymous_59)
FN:884,(anonymous_60)
FN:901,(anonymous_61)
FN:918,(anonymous_62)
FN:931,(anonymous_63)
FN:940,(anonymous_64)
FN:949,(anonymous_65)
FN:959,(anonymous_66)
FN:969,(anonymous_67)
FN:982,(anonymous_68)
FN:992,(anonymous_69)
FN:1002,(anonymous_70)
FN:1013,(anonymous_71)
FN:1024,(anonymous_72)
FN:1038,(anonymous_73)
FN:1069,(anonymous_74)
FN:1128,(anonymous_75)
FN:1155,(anonymous_76)
FN:1187,(anonymous_77)
FN:1215,(anonymous_78)
FN:1255,(anonymous_79)
FN:1291,(anonymous_80)
FN:1296,(anonymous_81)
FN:1328,(anonymous_82)
FN:1334,(anonymous_83)
FN:1361,(anonymous_84)
FN:1370,(anonymous_85)
FN:1380,(anonymous_86)
FN:1396,(anonymous_87)
FN:1400,(anonymous_88)
FN:1428,(anonymous_89)
FN:1450,(anonymous_90)
FN:1453,(anonymous_91)
FN:1453,(anonymous_92)
FN:1481,(anonymous_93)
FN:1483,(anonymous_94)
FN:1491,(anonymous_95)
FN:1500,(anonymous_96)
FN:1535,(anonymous_97)
FN:1537,(anonymous_98)
FN:1543,(anonymous_99)
FN:1556,(anonymous_100)
FN:1564,(anonymous_101)
FN:1595,(anonymous_102)
FN:1598,(anonymous_103)
FN:1624,(anonymous_104)
FN:1627,(anonymous_105)
FN:1640,(anonymous_106)
FN:1648,(anonymous_107)
FN:1657,(anonymous_108)
FN:1693,(anonymous_109)
FN:1733,(anonymous_110)
FN:1734,(anonymous_111)
FN:1752,(anonymous_112)
FN:1753,(anonymous_113)
FN:1775,(anonymous_114)
FN:1778,(anonymous_115)
FN:1806,(anonymous_116)
FN:1810,(anonymous_117)
FN:1833,(anonymous_118)
FN:1835,(anonymous_119)
FN:1876,(anonymous_120)
FN:1877,(anonymous_121)
FN:1908,(anonymous_122)
FN:1912,(anonymous_123)
FN:1948,(anonymous_124)
FN:1949,(anonymous_125)
FN:1968,(anonymous_126)
FN:1969,(anonymous_127)
FN:1988,(anonymous_128)
FN:1989,(anonymous_129)
FN:2011,(anonymous_130)
FN:2013,(anonymous_131)
FN:2025,(anonymous_132)
FN:2026,(anonymous_133)
FN:2045,(anonymous_134)
FN:2050,(anonymous_135)
FN:2066,(anonymous_136)
FN:2082,(anonymous_137)
FN:2099,(anonymous_138)
FN:2118,(anonymous_139)
FN:2139,(anonymous_140)
FN:2154,(anonymous_141)
FN:2171,(anonymous_142)
FN:2197,(anonymous_143)
FN:2226,(anonymous_144)
FN:2253,(anonymous_145)
FN:2268,(anonymous_146)
FN:2296,(anonymous_147)
FN:2321,(anonymous_148)
FN:2338,(anonymous_149)
FN:2361,(anonymous_150)
FN:2384,(anonymous_151)
FN:2409,(anonymous_152)
FN:2427,(anonymous_153)
FN:2446,(anonymous_154)
FN:2465,(anonymous_155)
FN:2483,(anonymous_156)
FN:2516,(anonymous_157)
FN:2536,(anonymous_158)
FN:2539,(anonymous_159)
FN:2559,(anonymous_160)
FN:2582,(anonymous_161)
FN:2594,(anonymous_162)
FN:2603,(anonymous_163)
FN:2607,(anonymous_164)
FN:2616,(anonymous_165)
FN:2619,(anonymous_166)
FN:2637,(anonymous_167)
FN:2639,(anonymous_168)
FN:2668,(anonymous_169)
FNF:170
FNH:169
FNDA:423,(anonymous_0)
FNDA:15,(anonymous_1)
FNDA:423,(anonymous_2)
FNDA:403869,(anonymous_3)
FNDA:221600,(anonymous_4)
FNDA:200020,(anonymous_5)
FNDA:6,(anonymous_6)
FNDA:5,(anonymous_7)
FNDA:8,(anonymous_8)
FNDA:20,(anonymous_9)
FNDA:6,(anonymous_10)
FNDA:100026,(anonymous_11)
FNDA:8,(anonymous_12)
FNDA:7,(anonymous_13)
FNDA:6,(anonymous_14)
FNDA:6,(anonymous_15)
FNDA:6,(anonymous_16)
FNDA:6,(anonymous_17)
FNDA:7,(anonymous_18)
FNDA:9,(anonymous_19)
FNDA:9,(anonymous_20)
FNDA:900507,(anonymous_21)
FNDA:498,(anonymous_22)
FNDA:27,(anonymous_23)
FNDA:28,(anonymous_24)
FNDA:5,(anonymous_25)
FNDA:30,(anonymous_26)
FNDA:9,(anonymous_27)
FNDA:2,(anonymous_28)
FNDA:5,(anonymous_29)
FNDA:5,(anonymous_30)
FNDA:5,(anonymous_31)
FNDA:2,(anonymous_32)
FNDA:2,(anonymous_33)
FNDA:3,(anonymous_34)
FNDA:2,(anonymous_35)
FNDA:4,(anonymous_36)
FNDA:7,(anonymous_37)
FNDA:3,(anonymous_38)
FNDA:4,(anonymous_39)
FNDA:2,(anonymous_40)
FNDA:27,(anonymous_41)
FNDA:3,(anonymous_42)
FNDA:5,(anonymous_43)
FNDA:2,(anonymous_44)
FNDA:2,(anonymous_45)
FNDA:24,(anonymous_46)
FNDA:2,(anonymous_47)
FNDA:3,(anonymous_48)
FNDA:2,(anonymous_49)
FNDA:63,(anonymous_50)
FNDA:6,(anonymous_51)
FNDA:13,(anonymous_52)
FNDA:8,(anonymous_53)
FNDA:44,(anonymous_54)
FNDA:6,(anonymous_55)
FNDA:10,(anonymous_56)
FNDA:14,(anonymous_57)
FNDA:15,(anonymous_58)
FNDA:6,(anonymous_59)
FNDA:24,(anonymous_60)
FNDA:6,(anonymous_61)
FNDA:6,(anonymous_62)
FNDA:11,(anonymous_63)
FNDA:9,(anonymous_64)
FNDA:7,(anonymous_65)
FNDA:8,(anonymous_66)
FNDA:14,(anonymous_67)
FNDA:18,(anonymous_68)
FNDA:22,(anonymous_69)
FNDA:3,(anonymous_70)
FNDA:3,(anonymous_71)
FNDA:3,(anonymous_72)
FNDA:6,(anonymous_73)
FNDA:300442,(anonymous_74)
FNDA:400050,(anonymous_75)
FNDA:16,(anonymous_76)
FNDA:7,(anonymous_77)
FNDA:16233,(anonymous_78)
FNDA:44,(anonymous_79)
FNDA:40,(anonymous_80)
FNDA:27,(anonymous_81)
FNDA:21531,(anonymous_82)
FNDA:21539,(anonymous_83)
FNDA:146,(anonymous_84)
FNDA:31946,(anonymous_85)
FNDA:8,(anonymous_86)
FNDA:228,(anonymous_87)
FNDA:22,(anonymous_88)
FNDA:2,(anonymous_89)
FNDA:179,(anonymous_90)
FNDA:187,(anonymous_91)
FNDA:187,(anonymous_92)
FNDA:164,(anonymous_93)
FNDA:2,(anonymous_94)
FNDA:2,(anonymous_95)
FNDA:93962,(anonymous_96)
FNDA:28,(anonymous_97)
FNDA:2,(anonymous_98)
FNDA:2,(anonymous_99)
FNDA:3,(anonymous_100)
FNDA:10421,(anonymous_101)
FNDA:23,(anonymous_102)
FNDA:10422,(anonymous_103)
FNDA:21,(anonymous_104)
FNDA:6,(anonymous_105)
FNDA:1,(anonymous_106)
FNDA:1,(anonymous_107)
FNDA:31232,(anonymous_108)
FNDA:4,(anonymous_109)
FNDA:2,(anonymous_110)
FNDA:4,(anonymous_111)
FNDA:3,(anonymous_112)
FNDA:9,(anonymous_113)
FNDA:1,(anonymous_114)
FNDA:3,(anonymous_115)
FNDA:4,(anonymous_116)
FNDA:8,(anonymous_117)
FNDA:9,(anonymous_118)
FNDA:12,(anonymous_119)
FNDA:5,(anonymous_120)
FNDA:5,(anonymous_121)
FNDA:4,(anonymous_122)
FNDA:4,(anonymous_123)
FNDA:3,(anonymous_124)
FNDA:3,(anonymous_125)
FNDA:2,(anonymous_126)
FNDA:2,(anonymous_127)
FNDA:4,(anonymous_128)
FNDA:6,(anonymous_129)
FNDA:2,(anonymous_130)
FNDA:7,(anonymous_131)
FNDA:1,(anonymous_132)
FNDA:2,(anonymous_133)
FNDA:5,(anonymous_134)
FNDA:13,(anonymous_135)
FNDA:3,(anonymous_136)
FNDA:3,(anonymous_137)
FNDA:6,(anonymous_138)
FNDA:5,(anonymous_139)
FNDA:5,(anonymous_140)
FNDA:3,(anonymous_141)
FNDA:5,(anonymous_142)
FNDA:9,(anonymous_143)
FNDA:9,(anonymous_144)
FNDA:5,(anonymous_145)
FNDA:12,(anonymous_146)
FNDA:9,(anonymous_147)
FNDA:9,(anonymous_148)
FNDA:5,(anonymous_149)
FNDA:7,(anonymous_150)
FNDA:6,(anonymous_151)
FNDA:10,(anonymous_152)
FNDA:11,(anonymous_153)
FNDA:8,(anonymous_154)
FNDA:6,(anonymous_155)
FNDA:6,(anonymous_156)
FNDA:5272,(anonymous_157)
FNDA:6,(anonymous_158)
FNDA:11,(anonymous_159)
FNDA:7,(anonymous_160)
FNDA:20,(anonymous_161)
FNDA:15,(anonymous_162)
FNDA:13,(anonymous_163)
FNDA:9,(anonymous_164)
FNDA:2,(anonymous_165)
FNDA:2,(anonymous_166)
FNDA:10,(anonymous_167)
FNDA:11,(anonymous_168)
FNDA:0,(anonymous_169)
DA:5,15
DA:6,15
DA:7,15
DA:8,15
DA:16,15
DA:50,423
DA:61,423
DA:113,423
DA:114,423
DA:122,423
DA:147,15
DA:149,9
DA:150,9
DA:154,9
DA:155,963
DA:156,945
DA:159,396
DA:160,396
DA:161,396
DA:165,9
DA:166,9
DA:176,423
DA:178,403869
DA:179,1269
DA:181,221600
DA:182,1269
DA:184,200020
DA:185,1269
DA:187,423
DA:188,1269
DA:190,423
DA:191,846
DA:193,423
DA:194,1692
DA:196,423
DA:197,1269
DA:199,423
DA:201,423
DA:202,1269
DA:206,100026
DA:207,1269
DA:209,423
DA:210,846
DA:212,423
DA:213,1269
DA:215,423
DA:216,423
DA:218,423
DA:219,1269
DA:221,423
DA:222,1269
DA:224,423
DA:225,1269
DA:230,423
DA:231,9
DA:232,1269
DA:234,423
DA:235,9
DA:236,7
DA:238,846
DA:240,423
DA:251,900507
DA:252,900507
DA:253,900189
DA:254,900188
DA:256,318
DA:257,318
DA:258,318
DA:259,313
DA:272,498
DA:273,498
DA:274,498
DA:280,486
DA:281,469
DA:282,469
DA:286,17
DA:287,27
DA:313,28
DA:314,28
DA:315,2
DA:318,26
DA:319,26
DA:330,5
DA:331,5
DA:332,1
DA:334,4
DA:335,4
DA:347,30
DA:349,30
DA:359,9
DA:369,2
DA:379,5
DA:380,4
DA:382,3
DA:383,5
DA:384,1
DA:412,5
DA:413,5
DA:415,0
DA:426,2
DA:427,2
DA:429,0
DA:440,2
DA:441,2
DA:443,0
DA:454,3
DA:455,3
DA:457,0
DA:468,2
DA:469,2
DA:471,0
DA:482,4
DA:483,4
DA:485,0
DA:496,7
DA:497,1
DA:499,0
DA:510,3
DA:511,3
DA:513,0
DA:524,4
DA:525,2
DA:526,2
DA:528,2
DA:530,0
DA:541,2
DA:542,2
DA:544,0
DA:555,27
DA:556,27
DA:558,0
DA:569,3
DA:570,3
DA:572,0
DA:583,5
DA:584,5
DA:585,5
DA:587,0
DA:598,2
DA:599,2
DA:601,0
DA:612,2
DA:613,2
DA:615,0
DA:626,24
DA:627,24
DA:629,0
DA:640,2
DA:641,2
DA:643,0
DA:654,3
DA:655,3
DA:657,0
DA:668,2
DA:669,2
DA:671,0
DA:675,63
DA:676,59
DA:677,56
DA:678,55
DA:679,54
DA:680,53
DA:681,52
DA:697,6
DA:701,5
DA:702,5
DA:703,8
DA:705,3
DA:718,13
DA:719,12
DA:720,6
DA:722,6
DA:737,8
DA:738,7
DA:739,3
DA:741,4
DA:754,44
DA:755,42
DA:756,5
DA:758,37
DA:772,6
DA:773,4
DA:774,1
DA:776,3
DA:789,10
DA:790,8
DA:791,3
DA:793,5
DA:808,14
DA:809,5
DA:811,9
DA:825,15
DA:828,15
DA:831,15
DA:832,1
DA:838,14
DA:839,4
DA:843,10
DA:846,10
DA:847,1
DA:851,9
DA:852,3
DA:855,6
DA:868,6
DA:869,5
DA:870,2
DA:872,3
DA:885,24
DA:886,22
DA:887,7
DA:889,15
DA:902,6
DA:903,5
DA:904,2
DA:906,3
DA:919,6
DA:920,5
DA:921,2
DA:923,3
DA:932,11
DA:941,9
DA:950,7
DA:960,8
DA:973,14
DA:983,18
DA:993,22
DA:1003,3
DA:1014,3
DA:1025,3
DA:1039,6
DA:1040,5
DA:1041,5
DA:1043,2
DA:1045,3
DA:1072,300442
DA:1073,300435
DA:1074,300433
DA:1077,100
DA:1078,100
DA:1079,100
DA:1086,100
DA:1087,100
DA:1093,7
DA:1094,12
DA:1096,3
DA:1097,3
DA:1098,6
DA:1099,6
DA:1100,6
DA:1102,3
DA:1130,400050
DA:1131,300044
DA:1134,100006
DA:1135,300011
DA:1137,1
DA:1156,16
DA:1188,7
DA:1189,6
DA:1216,16233
DA:1217,2
DA:1219,16231
DA:1220,6
DA:1222,16225
DA:1223,4
DA:1225,16221
DA:1226,16220
DA:1227,16220
DA:1228,4
DA:1230,16216
DA:1232,1
DA:1260,44
DA:1263,39
DA:1264,39
DA:1269,5
DA:1270,5
DA:1271,1
DA:1273,4
DA:1274,4
DA:1275,4
DA:1292,40
DA:1293,40
DA:1297,27
DA:1306,423
DA:1313,423
DA:1329,21531
DA:1330,21531
DA:1331,21531
DA:1333,121
DA:1334,121
DA:1335,21539
DA:1336,21539
DA:1337,6
DA:1338,6
DA:1345,6
DA:1347,21533
DA:1348,21533
DA:1351,121
DA:1352,121
DA:1362,146
DA:1363,146
DA:1364,146
DA:1365,228
DA:1367,146
DA:1369,146
DA:1370,139
DA:1371,31946
DA:1372,114831
DA:1379,7
DA:1380,7
DA:1381,8
DA:1382,9
DA:1384,8
DA:1385,14
DA:1386,5
DA:1387,5
DA:1398,228
DA:1399,11
DA:1400,11
DA:1401,22
DA:1402,22
DA:1404,9
DA:1405,9
DA:1406,9
DA:1412,217
DA:1413,164
DA:1417,53
DA:1418,28
DA:1422,25
DA:1423,23
DA:1427,2
DA:1428,2
DA:1429,2
DA:1430,2
DA:1451,179
DA:1452,179
DA:1453,187
DA:1454,179
DA:1456,176
DA:1457,176
DA:1458,176
DA:1459,180
DA:1460,180
DA:1461,7
DA:1462,7
DA:1464,173
DA:1467,176
DA:1482,164
DA:1483,2
DA:1484,2
DA:1485,2
DA:1489,162
DA:1490,162
DA:1491,2
DA:1492,2
DA:1493,2
DA:1497,160
DA:1498,160
DA:1500,160
DA:1501,93962
DA:1503,93962
DA:1504,8
DA:1505,5
DA:1506,5
DA:1508,8
DA:1510,93954
DA:1512,93952
DA:1513,93948
DA:1516,45
DA:1517,45
DA:1518,6
DA:1519,6
DA:1521,39
DA:1522,39
DA:1536,28
DA:1537,2
DA:1538,2
DA:1539,2
DA:1542,26
DA:1543,2
DA:1544,2
DA:1545,2
DA:1549,24
DA:1551,24
DA:1555,24
DA:1556,3
DA:1557,3
DA:1558,3
DA:1562,21
DA:1564,21
DA:1565,10421
DA:1567,10421
DA:1568,1
DA:1569,1
DA:1570,1
DA:1572,10420
DA:1573,2
DA:1574,2
DA:1575,2
DA:1576,2
DA:1579,10418
DA:1580,10418
DA:1584,10418
DA:1585,10418
DA:1586,31244
DA:1596,23
DA:1598,23
DA:1599,10422
DA:1600,10422
DA:1602,10422
DA:1603,2
DA:1604,2
DA:1606,10420
DA:1607,2
DA:1608,2
DA:1609,2
DA:1612,10418
DA:1625,21
DA:1626,1
DA:1627,1
DA:1628,6
DA:1629,6
DA:1631,1
DA:1632,1
DA:1633,1
DA:1638,20
DA:1639,18
DA:1640,1
DA:1641,1
DA:1642,1
DA:1646,17
DA:1647,17
DA:1648,1
DA:1649,1
DA:1650,1
DA:1654,16
DA:1655,16
DA:1657,16
DA:1658,31232
DA:1660,31228
DA:1661,31227
DA:1664,9
DA:1665,9
DA:1666,1
DA:1667,1
DA:1669,8
DA:1670,8
DA:1691,2
DA:1692,2
DA:1693,2
DA:1694,4
DA:1695,4
DA:1696,1
DA:1697,1
DA:1698,1
DA:1700,3
DA:1734,2
DA:1735,4
DA:1736,2
DA:1753,3
DA:1754,9
DA:1755,6
DA:1778,1
DA:1779,3
DA:1780,3
DA:1781,5
DA:1782,5
DA:1784,3
DA:1787,1
DA:1809,4
DA:1810,4
DA:1811,8
DA:1812,3
DA:1814,5
DA:1834,9
DA:1835,9
DA:1836,12
DA:1837,1
DA:1839,11
DA:1840,1
DA:1842,10
DA:1843,1
DA:1846,9
DA:1847,9
DA:1848,9
DA:1849,13
DA:1850,13
DA:1852,4
DA:1853,4
DA:1854,4
DA:1857,9
DA:1858,6
DA:1877,5
DA:1878,5
DA:1879,2
DA:1882,3
DA:1883,3
DA:1884,3
DA:1885,4
DA:1886,4
DA:1888,1
DA:1889,1
DA:1892,3
DA:1893,2
DA:1912,4
DA:1913,4
DA:1914,1
DA:1916,3
DA:1917,1
DA:1920,2
DA:1921,2
DA:1922,2
DA:1923,4
DA:1924,4
DA:1926,2
DA:1927,2
DA:1928,2
DA:1931,2
DA:1932,1
DA:1949,3
DA:1950,3
DA:1951,2
DA:1952,1
DA:1969,2
DA:1989,4
DA:1990,6
DA:1991,3
DA:2013,7
DA:2026,2
DA:2049,5
DA:2050,5
DA:2051,13
DA:2052,13
DA:2053,8
DA:2067,3
DA:2068,3
DA:2069,2
DA:2071,1
DA:2083,3
DA:2084,3
DA:2085,2
DA:2087,1
DA:2100,6
DA:2101,1
DA:2103,5
DA:2104,5
DA:2105,3
DA:2107,2
DA:2119,5
DA:2120,2
DA:2122,3
DA:2123,3
DA:2124,1
DA:2126,2
DA:2140,5
DA:2141,3
DA:2143,2
DA:2155,3
DA:2156,2
DA:2157,1
DA:2159,1
DA:2175,5
DA:2176,1
DA:2178,4
DA:2179,4
DA:2180,4
DA:2181,1
DA:2183,3
DA:2184,1
DA:2186,2
DA:2198,9
DA:2199,3
DA:2200,2
DA:2202,6
DA:2203,2
DA:2204,1
DA:2206,4
DA:2207,2
DA:2208,2
DA:2210,2
DA:2211,1
DA:2212,1
DA:2214,1
DA:2227,9
DA:2228,2
DA:2229,1
DA:2231,7
DA:2232,2
DA:2233,1
DA:2235,5
DA:2236,1
DA:2237,1
DA:2239,4
DA:2240,2
DA:2241,1
DA:2243,2
DA:2254,5
DA:2255,4
DA:2256,2
DA:2258,2
DA:2269,12
DA:2270,12
DA:2271,12
DA:2272,4
DA:2274,8
DA:2275,20
DA:2276,1
DA:2278,19
DA:2280,19
DA:2281,3
DA:2284,4
DA:2297,9
DA:2298,9
DA:2299,9
DA:2308,4
DA:2310,5
DA:2322,9
DA:2323,9
DA:2324,4
DA:2326,5
DA:2339,5
DA:2341,5
DA:2342,2
DA:2344,3
DA:2345,3
DA:2346,1
DA:2348,2
DA:2362,7
DA:2363,7
DA:2364,7
DA:2365,7
DA:2368,7
DA:2369,3
DA:2371,4
DA:2385,6
DA:2386,5
DA:2387,5
DA:2391,4
DA:2392,4
DA:2394,2
DA:2410,10
DA:2411,10
DA:2412,5
DA:2414,5
DA:2428,11
DA:2429,11
DA:2430,7
DA:2432,4
DA:2447,8
DA:2448,7
DA:2449,3
DA:2451,4
DA:2466,6
DA:2467,6
DA:2468,4
DA:2470,2
DA:2484,6
DA:2485,6
DA:2486,4
DA:2488,2
DA:2517,5272
DA:2518,5
DA:2519,5
DA:2522,5267
DA:2523,5267
DA:2537,6
DA:2539,6
DA:2540,11
DA:2541,11
DA:2543,11
DA:2544,5
DA:2548,6
DA:2560,7
DA:2561,2
DA:2583,20
DA:2584,4
DA:2587,16
DA:2588,2
DA:2591,14
DA:2592,13
DA:2594,13
DA:2595,15
DA:2596,15
DA:2597,15
DA:2598,1
DA:2602,14
DA:2603,10
DA:2604,13
DA:2607,4
DA:2608,9
DA:2613,11
DA:2615,11
DA:2616,3
DA:2617,2
DA:2618,1
DA:2620,2
DA:2623,8
DA:2624,7
DA:2638,10
DA:2639,10
DA:2640,11
DA:2641,11
DA:2642,1
DA:2644,10
DA:2645,7
DA:2647,3
DA:2649,3
DA:2650,3
DA:2654,10
DA:2655,2
DA:2668,15
LF:710
LH:691
BRDA:147,0,0,6
BRDA:147,0,1,9
BRDA:155,1,0,18
BRDA:155,1,1,945
BRDA:155,2,0,963
BRDA:155,2,1,954
BRDA:156,3,0,549
BRDA:156,3,1,396
BRDA:156,4,0,945
BRDA:156,4,1,603
BRDA:160,5,0,396
BRDA:160,5,1,0
BRDA:206,6,0,100026
BRDA:206,6,1,21
BRDA:209,7,0,8
BRDA:209,7,1,6
BRDA:224,8,0,7
BRDA:224,8,1,5
BRDA:231,9,0,9
BRDA:231,9,1,3
BRDA:235,10,0,2
BRDA:235,10,1,7
BRDA:252,11,0,900189
BRDA:252,11,1,318
BRDA:253,12,0,1
BRDA:253,12,1,900188
BRDA:258,13,0,5
BRDA:258,13,1,313
BRDA:274,14,0,12
BRDA:274,14,1,486
BRDA:280,15,0,469
BRDA:280,15,1,17
BRDA:282,16,0,469
BRDA:282,16,1,0
BRDA:312,17,0,14
BRDA:314,18,0,2
BRDA:314,18,1,26
BRDA:314,19,0,28
BRDA:314,19,1,10
BRDA:331,20,0,1
BRDA:331,20,1,4
BRDA:380,21,0,1
BRDA:380,21,1,3
BRDA:383,22,0,1
BRDA:383,22,1,4
BRDA:412,23,0,5
BRDA:412,23,1,0
BRDA:426,24,0,2
BRDA:426,24,1,0
BRDA:440,25,0,2
BRDA:440,25,1,0
BRDA:454,26,0,3
BRDA:454,26,1,0
BRDA:468,27,0,2
BRDA:468,27,1,0
BRDA:482,28,0,4
BRDA:482,28,1,0
BRDA:482,29,0,4
BRDA:482,29,1,2
BRDA:496,30,0,1
BRDA:496,30,1,0
BRDA:510,31,0,3
BRDA:510,31,1,0
BRDA:541,32,0,2
BRDA:541,32,1,0
BRDA:555,33,0,27
BRDA:555,33,1,0
BRDA:569,34,0,3
BRDA:569,34,1,0
BRDA:584,35,0,5
BRDA:584,35,1,0
BRDA:584,36,0,5
BRDA:584,36,1,2
BRDA:585,37,0,2
BRDA:585,37,1,3
BRDA:598,38,0,2
BRDA:598,38,1,0
BRDA:612,39,0,2
BRDA:612,39,1,0
BRDA:626,40,0,24
BRDA:626,40,1,0
BRDA:640,41,0,2
BRDA:640,41,1,0
BRDA:654,42,0,3
BRDA:654,42,1,0
BRDA:654,43,0,3
BRDA:654,43,1,1
BRDA:668,44,0,2
BRDA:668,44,1,0
BRDA:675,45,0,4
BRDA:675,45,1,59
BRDA:676,46,0,3
BRDA:676,46,1,56
BRDA:677,47,0,1
BRDA:677,47,1,55
BRDA:678,48,0,1
BRDA:678,48,1,54
BRDA:679,49,0,1
BRDA:679,49,1,53
BRDA:680,50,0,1
BRDA:680,50,1,52
BRDA:703,51,0,2
BRDA:703,51,1,6
BRDA:719,52,0,6
BRDA:719,52,1,6
BRDA:738,53,0,3
BRDA:738,53,1,4
BRDA:738,54,0,7
BRDA:738,54,1,6
BRDA:755,55,0,5
BRDA:755,55,1,37
BRDA:773,56,0,1
BRDA:773,56,1,3
BRDA:790,57,0,3
BRDA:790,57,1,5
BRDA:808,58,0,5
BRDA:808,58,1,9
BRDA:831,59,0,1
BRDA:831,59,1,14
BRDA:838,60,0,4
BRDA:838,60,1,10
BRDA:846,61,0,1
BRDA:846,61,1,9
BRDA:846,62,0,10
BRDA:846,62,1,10
BRDA:851,63,0,3
BRDA:851,63,1,6
BRDA:851,64,0,9
BRDA:851,64,1,8
BRDA:851,64,2,7
BRDA:869,65,0,2
BRDA:869,65,1,3
BRDA:886,66,0,7
BRDA:886,66,1,15
BRDA:903,67,0,2
BRDA:903,67,1,3
BRDA:920,68,0,2
BRDA:920,68,1,3
BRDA:973,69,0,14
BRDA:973,69,1,10
BRDA:1072,70,0,300435
BRDA:1072,70,1,7
BRDA:1074,71,0,300333
BRDA:1074,71,1,100
BRDA:1094,72,0,4
BRDA:1094,72,1,8
BRDA:1130,73,0,300044
BRDA:1130,73,1,100006
BRDA:1135,74,0,100005
BRDA:1135,74,1,200006
BRDA:1187,75,0,6
BRDA:1216,76,0,2
BRDA:1216,76,1,16231
BRDA:1219,77,0,6
BRDA:1219,77,1,16225
BRDA:1222,78,0,4
BRDA:1222,78,1,16221
BRDA:1225,79,0,16220
BRDA:1225,79,1,1
BRDA:1225,80,0,16221
BRDA:1225,80,1,16221
BRDA:1227,81,0,4
BRDA:1227,81,1,16216
BRDA:1260,82,0,39
BRDA:1260,82,1,5
BRDA:1260,83,0,44
BRDA:1260,83,1,44
BRDA:1260,83,2,40
BRDA:1264,84,0,3
BRDA:1264,84,1,36
BRDA:1273,85,0,0
BRDA:1273,85,1,4
BRDA:1274,86,0,4
BRDA:1274,86,1,0
BRDA:1275,87,0,3
BRDA:1275,87,1,1
BRDA:1297,88,0,27
BRDA:1297,88,1,24
BRDA:1328,89,0,16259
BRDA:1329,90,0,5
BRDA:1329,90,1,21526
BRDA:1331,91,0,21410
BRDA:1331,91,1,121
BRDA:1336,92,0,6
BRDA:1336,92,1,21533
BRDA:1336,93,0,21539
BRDA:1336,93,1,21537
BRDA:1336,93,2,21535
BRDA:1361,94,0,0
BRDA:1369,95,0,139
BRDA:1369,95,1,7
BRDA:1385,96,0,9
BRDA:1385,96,1,5
BRDA:1398,97,0,11
BRDA:1398,97,1,217
BRDA:1404,98,0,9
BRDA:1404,98,1,0
BRDA:1412,99,0,164
BRDA:1412,99,1,53
BRDA:1417,100,0,28
BRDA:1417,100,1,25
BRDA:1422,101,0,23
BRDA:1422,101,1,2
BRDA:1422,102,0,25
BRDA:1422,102,1,25
BRDA:1427,103,0,0
BRDA:1427,103,1,2
BRDA:1452,104,0,16
BRDA:1452,104,1,163
BRDA:1454,105,0,3
BRDA:1454,105,1,176
BRDA:1460,106,0,7
BRDA:1460,106,1,173
BRDA:1472,107,0,172
BRDA:1472,107,1,4
BRDA:1482,108,0,2
BRDA:1482,108,1,162
BRDA:1490,109,0,2
BRDA:1490,109,1,160
BRDA:1503,110,0,8
BRDA:1503,110,1,93954
BRDA:1504,111,0,5
BRDA:1504,111,1,3
BRDA:1510,112,0,2
BRDA:1510,112,1,93952
BRDA:1510,113,0,93954
BRDA:1510,113,1,5
BRDA:1513,114,0,93907
BRDA:1513,114,1,41
BRDA:1517,115,0,6
BRDA:1517,115,1,39
BRDA:1536,116,0,2
BRDA:1536,116,1,26
BRDA:1542,117,0,2
BRDA:1542,117,1,24
BRDA:1551,118,0,24
BRDA:1551,118,1,6
BRDA:1551,118,2,5
BRDA:1551,118,3,2
BRDA:1551,118,4,2
BRDA:1555,119,0,3
BRDA:1555,119,1,21
BRDA:1567,120,0,1
BRDA:1567,120,1,10420
BRDA:1572,121,0,2
BRDA:1572,121,1,10418
BRDA:1580,122,0,0
BRDA:1580,122,1,10418
BRDA:1602,123,0,2
BRDA:1602,123,1,10420
BRDA:1606,124,0,2
BRDA:1606,124,1,10418
BRDA:1606,125,0,10420
BRDA:1606,125,1,10420
BRDA:1606,125,2,10418
BRDA:1625,126,0,1
BRDA:1625,126,1,20
BRDA:1631,127,0,1
BRDA:1631,127,1,0
BRDA:1638,128,0,18
BRDA:1638,128,1,2
BRDA:1639,129,0,1
BRDA:1639,129,1,17
BRDA:1647,130,0,1
BRDA:1647,130,1,16
BRDA:1658,131,0,4
BRDA:1658,131,1,31228
BRDA:1658,132,0,31232
BRDA:1658,132,1,7
BRDA:1658,132,2,5
BRDA:1661,133,0,31219
BRDA:1661,133,1,8
BRDA:1665,134,0,1
BRDA:1665,134,1,8
BRDA:1691,135,0,2
BRDA:1691,135,1,0
BRDA:1691,136,0,2
BRDA:1691,136,1,2
BRDA:1695,137,0,1
BRDA:1695,137,1,3
BRDA:1695,138,0,4
BRDA:1695,138,1,4
BRDA:1695,138,2,3
BRDA:1735,139,0,2
BRDA:1735,139,1,2
BRDA:1754,140,0,3
BRDA:1754,140,1,6
BRDA:1784,141,0,3
BRDA:1784,141,1,0
BRDA:1811,142,0,3
BRDA:1811,142,1,5
BRDA:1833,143,0,6
BRDA:1836,144,0,1
BRDA:1836,144,1,11
BRDA:1839,145,0,1
BRDA:1839,145,1,10
BRDA:1839,146,0,11
BRDA:1839,146,1,2
BRDA:1842,147,0,1
BRDA:1842,147,1,9
BRDA:1842,148,0,10
BRDA:1842,148,1,2
BRDA:1852,149,0,4
BRDA:1852,149,1,0
BRDA:1857,150,0,3
BRDA:1857,150,1,6
BRDA:1878,151,0,2
BRDA:1878,151,1,3
BRDA:1878,152,0,5
BRDA:1878,152,1,4
BRDA:1878,152,2,4
BRDA:1888,153,0,1
BRDA:1888,153,1,0
BRDA:1892,154,0,1
BRDA:1892,154,1,2
BRDA:1913,155,0,1
BRDA:1913,155,1,3
BRDA:1916,156,0,1
BRDA:1916,156,1,2
BRDA:1926,157,0,2
BRDA:1926,157,1,0
BRDA:1931,158,0,1
BRDA:1931,158,1,1
BRDA:1951,159,0,1
BRDA:1951,159,1,1
BRDA:1990,160,0,3
BRDA:1990,160,1,3
BRDA:1991,161,0,2
BRDA:1991,161,1,1
BRDA:2013,162,0,7
BRDA:2013,162,1,2
BRDA:2047,163,0,4
BRDA:2052,164,0,5
BRDA:2052,164,1,8
BRDA:2068,165,0,2
BRDA:2068,165,1,1
BRDA:2084,166,0,2
BRDA:2084,166,1,1
BRDA:2100,167,0,1
BRDA:2100,167,1,5
BRDA:2100,168,0,6
BRDA:2100,168,1,5
BRDA:2101,169,0,1
BRDA:2101,169,1,0
BRDA:2104,170,0,3
BRDA:2104,170,1,2
BRDA:2104,171,0,5
BRDA:2104,171,1,4
BRDA:2119,172,0,2
BRDA:2119,172,1,3
BRDA:2119,173,0,5
BRDA:2119,173,1,4
BRDA:2119,173,2,1
BRDA:2123,174,0,1
BRDA:2123,174,1,2
BRDA:2140,175,0,3
BRDA:2140,175,1,2
BRDA:2141,176,0,3
BRDA:2141,176,1,0
BRDA:2156,177,0,1
BRDA:2156,177,1,1
BRDA:2175,178,0,1
BRDA:2175,178,1,4
BRDA:2175,179,0,5
BRDA:2175,179,1,3
BRDA:2180,180,0,1
BRDA:2180,180,1,3
BRDA:2180,181,0,4
BRDA:2180,181,1,3
BRDA:2183,182,0,1
BRDA:2183,182,1,2
BRDA:2183,183,0,3
BRDA:2183,183,1,2
BRDA:2198,184,0,3
BRDA:2198,184,1,6
BRDA:2199,185,0,1
BRDA:2199,185,1,2
BRDA:2202,186,0,2
BRDA:2202,186,1,4
BRDA:2203,187,0,1
BRDA:2203,187,1,1
BRDA:2206,188,0,2
BRDA:2206,188,1,2
BRDA:2206,189,0,4
BRDA:2206,189,1,3
BRDA:2207,190,0,0
BRDA:2207,190,1,2
BRDA:2210,191,0,1
BRDA:2210,191,1,1
BRDA:2210,192,0,2
BRDA:2210,192,1,2
BRDA:2211,193,0,0
BRDA:2211,193,1,1
BRDA:2227,194,0,2
BRDA:2227,194,1,7
BRDA:2228,195,0,1
BRDA:2228,195,1,1
BRDA:2231,196,0,2
BRDA:2231,196,1,5
BRDA:2232,197,0,1
BRDA:2232,197,1,1
BRDA:2235,198,0,1
BRDA:2235,198,1,4
BRDA:2235,199,0,5
BRDA:2235,199,1,4
BRDA:2236,200,0,0
BRDA:2236,200,1,1
BRDA:2239,201,0,2
BRDA:2239,201,1,2
BRDA:2239,202,0,4
BRDA:2239,202,1,3
BRDA:2240,203,0,1
BRDA:2240,203,1,1
BRDA:2255,204,0,2
BRDA:2255,204,1,2
BRDA:2271,205,0,4
BRDA:2271,205,1,8
BRDA:2275,206,0,1
BRDA:2275,206,1,19
BRDA:2280,207,0,3
BRDA:2280,207,1,16
BRDA:2280,208,0,19
BRDA:2280,208,1,19
BRDA:2280,208,2,17
BRDA:2280,208,3,9
BRDA:2323,209,0,4
BRDA:2323,209,1,5
BRDA:2341,210,0,2
BRDA:2341,210,1,3
BRDA:2345,211,0,1
BRDA:2345,211,1,2
BRDA:2361,212,0,5
BRDA:2362,213,0,6
BRDA:2362,214,0,6
BRDA:2364,215,0,1
BRDA:2364,215,1,6
BRDA:2365,216,0,6
BRDA:2365,216,1,1
BRDA:2368,217,0,3
BRDA:2368,217,1,4
BRDA:2368,218,0,7
BRDA:2368,218,1,6
BRDA:2411,219,0,5
BRDA:2411,219,1,5
BRDA:2429,220,0,7
BRDA:2429,220,1,4
BRDA:2448,221,0,3
BRDA:2448,221,1,4
BRDA:2448,222,0,7
BRDA:2448,222,1,5
BRDA:2467,223,0,4
BRDA:2467,223,1,2
BRDA:2485,224,0,4
BRDA:2485,224,1,2
BRDA:2516,225,0,5267
BRDA:2516,226,0,5268
BRDA:2517,227,0,5
BRDA:2517,227,1,5267
BRDA:2517,228,0,5272
BRDA:2517,228,1,5269
BRDA:2517,228,2,5269
BRDA:2543,229,0,5
BRDA:2543,229,1,6
BRDA:2560,230,0,2
BRDA:2560,230,1,5
BRDA:2583,231,0,4
BRDA:2583,231,1,16
BRDA:2587,232,0,2
BRDA:2587,232,1,14
BRDA:2587,233,0,16
BRDA:2587,233,1,15
BRDA:2587,233,2,14
BRDA:2587,233,3,0
BRDA:2595,234,0,15
BRDA:2595,234,1,0
BRDA:2596,235,0,15
BRDA:2596,235,1,0
BRDA:2597,236,0,1
BRDA:2597,236,1,14
BRDA:2597,237,0,15
BRDA:2597,237,1,2
BRDA:2602,238,0,10
BRDA:2602,238,1,4
BRDA:2615,239,0,3
BRDA:2615,239,1,8
BRDA:2641,240,0,1
BRDA:2641,240,1,10
BRDA:2641,241,0,11
BRDA:2641,241,1,1
BRDA:2654,242,0,2
BRDA:2654,242,1,8
BRF:491
BRH:451
end_of_record
TN:
SF:src/Constants/Patterns/index.ts
FNF:0
FNH:0
DA:13,15
DA:19,15
DA:22,15
DA:25,15
DA:28,15
DA:31,15
DA:34,15
DA:40,15
DA:46,15
DA:52,15
DA:55,15
LF:11
LH:11
BRF:0
BRH:0
end_of_record
TN:
SF:src/Errors/TyperError/index.ts
FN:30,(anonymous_0)
FN:51,(anonymous_1)
FNF:2
FNH:2
FNDA:38,(anonymous_0)
FNDA:1,(anonymous_1)
DA:22,15
DA:31,38
DA:32,38
DA:33,38
DA:36,38
DA:52,1
DA:53,1
DA:54,2
DA:56,1
LF:9
LH:9
BRDA:54,0,0,2
BRDA:54,0,1,2
BRF:2
BRH:2
end_of_record
TN:
SF:src/Utils/Issues/index.ts
FN:16,(anonymous_0)
FN:24,(anonymous_1)
FN:36,(anonymous_2)
FNF:3
FNH:3
FNDA:119,(anonymous_0)
FNDA:38,(anonymous_1)
FNDA:5272,(anonymous_2)
DA:16,119
DA:24,15
DA:25,38
DA:26,45
DA:27,38
DA:36,15
DA:37,5272
DA:38,5272
DA:39,5272
LF:9
LH:9
BRF:0
BRH:0
end_of_record
TN:
SF:src/Utils/Path/index.ts
FN:19,(anonymous_0)
FN:28,(anonymous_1)
FNF:2
FNH:2
FNDA:20920,(anonymous_0)
FNDA:16,(anonymous_1)
DA:19,20920
DA:28,16
LF:2
LH:2
BRDA:19,0,0,14
BRDA:19,0,1,20906
BRF:2
BRH:2
end_of_record
