TN:
SF:src/Typer.ts
FN:24,(anonymous_0)
FN:94,(anonymous_1)
FN:109,(anonymous_2)
FN:123,(anonymous_3)
FN:133,(anonymous_4)
FN:143,(anonymous_5)
FN:147,(anonymous_6)
FN:161,(anonymous_7)
FN:175,(anonymous_8)
FN:189,(anonymous_9)
FN:204,(anonymous_10)
FN:219,(anonymous_11)
FN:233,(anonymous_12)
FN:247,(anonymous_13)
FN:261,(anonymous_14)
FN:276,(anonymous_15)
FN:293,(anonymous_16)
FN:307,(anonymous_17)
FN:322,(anonymous_18)
FN:336,(anonymous_19)
FN:351,(anonymous_20)
FN:365,(anonymous_21)
FN:379,(anonymous_22)
FN:394,(anonymous_23)
FN:409,(anonymous_24)
FN:423,(anonymous_25)
FN:431,(anonymous_26)
FN:453,(anonymous_27)
FN:455,(anonymous_28)
FN:468,(anonymous_29)
FN:488,(anonymous_30)
FN:505,(anonymous_31)
FN:523,(anonymous_32)
FN:540,(anonymous_33)
FN:559,(anonymous_34)
FN:576,(anonymous_35)
FN:621,(anonymous_36)
FN:638,(anonymous_37)
FN:655,(anonymous_38)
FN:672,(anonymous_39)
FN:685,(anonymous_40)
FN:699,(anonymous_41)
FN:713,(anonymous_42)
FN:728,(anonymous_43)
FN:743,(anonymous_44)
FN:758,(anonymous_45)
FN:768,(anonymous_46)
FN:778,(anonymous_47)
FN:789,(anonymous_48)
FN:800,(anonymous_49)
FN:814,(anonymous_50)
FN:837,(anonymous_51)
FN:844,(anonymous_52)
FN:880,(anonymous_53)
FN:919,(anonymous_54)
FN:965,(anonymous_55)
FN:987,(anonymous_56)
FN:995,(anonymous_57)
FN:995,(anonymous_58)
FN:1001,(anonymous_59)
FN:1037,(anonymous_60)
FN:1078,(anonymous_61)
FN:1081,(anonymous_62)
FN:1101,(anonymous_63)
FN:1141,(anonymous_64)
FN:1153,(anonymous_65)
FN:1163,(anonymous_66)
FN:1170,(anonymous_67)
FN:1179,(anonymous_68)
FN:1182,(anonymous_69)
FN:1200,(anonymous_70)
FN:1202,(anonymous_71)
FNF:72
FNH:72
FNDA:197,(anonymous_0)
FNDA:9,(anonymous_1)
FNDA:3,(anonymous_2)
FNDA:8,(anonymous_3)
FNDA:2,(anonymous_4)
FNDA:5,(anonymous_5)
FNDA:5,(anonymous_6)
FNDA:34,(anonymous_7)
FNDA:5,(anonymous_8)
FNDA:5,(anonymous_9)
FNDA:24,(anonymous_10)
FNDA:5,(anonymous_11)
FNDA:7,(anonymous_12)
FNDA:7,(anonymous_13)
FNDA:19,(anonymous_14)
FNDA:8,(anonymous_15)
FNDA:5,(anonymous_16)
FNDA:109,(anonymous_17)
FNDA:5,(anonymous_18)
FNDA:38,(anonymous_19)
FNDA:6,(anonymous_20)
FNDA:5,(anonymous_21)
FNDA:126,(anonymous_22)
FNDA:4,(anonymous_23)
FNDA:6,(anonymous_24)
FNDA:6,(anonymous_25)
FNDA:24,(anonymous_26)
FNDA:6,(anonymous_27)
FNDA:8,(anonymous_28)
FNDA:9,(anonymous_29)
FNDA:6,(anonymous_30)
FNDA:19,(anonymous_31)
FNDA:6,(anonymous_32)
FNDA:8,(anonymous_33)
FNDA:14,(anonymous_34)
FNDA:15,(anonymous_35)
FNDA:6,(anonymous_36)
FNDA:7,(anonymous_37)
FNDA:6,(anonymous_38)
FNDA:6,(anonymous_39)
FNDA:11,(anonymous_40)
FNDA:9,(anonymous_41)
FNDA:7,(anonymous_42)
FNDA:8,(anonymous_43)
FNDA:14,(anonymous_44)
FNDA:3,(anonymous_45)
FNDA:3,(anonymous_46)
FNDA:3,(anonymous_47)
FNDA:3,(anonymous_48)
FNDA:3,(anonymous_49)
FNDA:6,(anonymous_50)
FNDA:318,(anonymous_51)
FNDA:321,(anonymous_52)
FNDA:103,(anonymous_53)
FNDA:63,(anonymous_54)
FNDA:6,(anonymous_55)
FNDA:102,(anonymous_56)
FNDA:82,(anonymous_57)
FNDA:82,(anonymous_58)
FNDA:79,(anonymous_59)
FNDA:12,(anonymous_60)
FNDA:6,(anonymous_61)
FNDA:11,(anonymous_62)
FNDA:7,(anonymous_63)
FNDA:20,(anonymous_64)
FNDA:15,(anonymous_65)
FNDA:13,(anonymous_66)
FNDA:9,(anonymous_67)
FNDA:2,(anonymous_68)
FNDA:2,(anonymous_69)
FNDA:10,(anonymous_70)
FNDA:11,(anonymous_71)
DA:12,9
DA:29,197
DA:95,9
DA:96,9
DA:97,1
DA:99,8
DA:110,3
DA:111,3
DA:112,1
DA:114,2
DA:124,8
DA:134,2
DA:144,5
DA:145,4
DA:147,3
DA:148,5
DA:149,1
DA:162,34
DA:163,12
DA:165,22
DA:176,5
DA:177,2
DA:179,3
DA:190,5
DA:191,5
DA:192,2
DA:194,3
DA:205,24
DA:206,24
DA:207,10
DA:209,14
DA:220,5
DA:221,2
DA:223,3
DA:234,7
DA:235,4
DA:237,3
DA:248,7
DA:249,0
DA:251,1
DA:262,19
DA:263,19
DA:264,3
DA:266,16
DA:277,8
DA:278,6
DA:279,6
DA:281,2
DA:283,4
DA:294,5
DA:295,2
DA:297,3
DA:308,109
DA:309,109
DA:310,29
DA:312,80
DA:323,5
DA:324,3
DA:326,2
DA:337,38
DA:338,38
DA:339,12
DA:341,26
DA:352,6
DA:353,2
DA:355,4
DA:366,5
DA:367,2
DA:369,3
DA:380,126
DA:381,126
DA:382,37
DA:384,89
DA:395,4
DA:396,4
DA:397,2
DA:399,2
DA:410,6
DA:411,3
DA:413,3
DA:424,6
DA:425,6
DA:426,2
DA:428,4
DA:432,24
DA:433,22
DA:434,21
DA:435,21
DA:436,21
DA:437,21
DA:438,21
DA:454,6
DA:455,8
DA:456,3
DA:469,9
DA:470,8
DA:471,8
DA:472,5
DA:474,3
DA:489,6
DA:490,5
DA:491,2
DA:493,3
DA:506,19
DA:507,17
DA:508,4
DA:510,13
DA:524,6
DA:525,4
DA:526,1
DA:528,3
DA:541,8
DA:542,6
DA:543,2
DA:545,4
DA:560,14
DA:561,5
DA:563,9
DA:577,15
DA:580,15
DA:583,15
DA:584,1
DA:590,14
DA:592,14
DA:593,4
DA:597,10
DA:600,10
DA:601,1
DA:605,9
DA:606,3
DA:609,6
DA:622,6
DA:623,5
DA:624,2
DA:626,3
DA:639,7
DA:640,5
DA:641,1
DA:643,4
DA:656,6
DA:657,5
DA:658,2
DA:660,3
DA:673,6
DA:674,5
DA:675,2
DA:677,3
DA:686,11
DA:687,11
DA:688,4
DA:690,7
DA:700,9
DA:701,9
DA:702,5
DA:704,4
DA:714,7
DA:715,7
DA:716,2
DA:718,5
DA:729,8
DA:730,8
DA:731,4
DA:733,4
DA:744,14
DA:745,14
DA:746,8
DA:748,6
DA:759,3
DA:769,3
DA:779,3
DA:790,3
DA:801,3
DA:815,6
DA:816,5
DA:817,5
DA:819,2
DA:821,3
DA:839,318
DA:840,315
DA:844,318
DA:845,321
DA:846,321
DA:847,1
DA:849,320
DA:852,317
DA:853,317
DA:854,319
DA:855,319
DA:856,213
DA:858,106
DA:859,106
DA:862,104
DA:881,103
DA:883,103
DA:884,106
DA:885,106
DA:886,1
DA:888,105
DA:889,105
DA:890,72
DA:892,33
DA:896,30
DA:920,63
DA:923,63
DA:924,4
DA:925,4
DA:928,59
DA:929,2
DA:930,2
DA:933,57
DA:934,96
DA:935,96
DA:936,96
DA:939,96
DA:940,96
DA:943,96
DA:944,5
DA:945,3
DA:947,5
DA:951,91
DA:952,1
DA:955,90
DA:956,90
DA:958,0
DA:959,0
DA:964,57
DA:965,6
DA:966,3
DA:967,2
DA:968,2
DA:972,57
DA:989,102
DA:990,78
DA:991,1
DA:992,1
DA:995,82
DA:996,77
DA:997,1
DA:998,1
DA:1001,76
DA:1002,79
DA:1003,79
DA:1005,1
DA:1009,76
DA:1010,20
DA:1011,20
DA:1015,24
DA:1016,8
DA:1017,1
DA:1018,1
DA:1021,7
DA:1022,1
DA:1023,1
DA:1026,6
DA:1027,1
DA:1028,1
DA:1031,5
DA:1032,5
DA:1033,1
DA:1034,1
DA:1037,4
DA:1038,12
DA:1039,12
DA:1041,0
DA:1042,0
DA:1047,16
DA:1048,15
DA:1049,1
DA:1050,1
DA:1053,14
DA:1059,14
DA:1063,1
DA:1064,1
DA:1079,6
DA:1081,6
DA:1082,11
DA:1083,11
DA:1085,11
DA:1086,5
DA:1090,6
DA:1102,7
DA:1103,2
DA:1142,20
DA:1143,4
DA:1146,16
DA:1147,2
DA:1150,14
DA:1151,13
DA:1153,13
DA:1154,15
DA:1155,15
DA:1156,15
DA:1157,1
DA:1161,14
DA:1163,10
DA:1164,13
DA:1166,4
DA:1167,0
DA:1170,4
DA:1171,9
DA:1176,11
DA:1178,11
DA:1179,3
DA:1180,2
DA:1181,1
DA:1183,2
DA:1186,8
DA:1187,7
DA:1201,10
DA:1202,10
DA:1203,11
DA:1204,11
DA:1205,1
DA:1207,10
DA:1208,7
DA:1210,3
DA:1212,3
DA:1213,3
DA:1217,10
DA:1218,2
LF:320
LH:314
BRDA:94,0,0,8
BRDA:96,1,0,1
BRDA:96,1,1,8
BRDA:96,2,0,9
BRDA:96,2,1,2
BRDA:111,3,0,1
BRDA:111,3,1,2
BRDA:145,4,0,1
BRDA:145,4,1,3
BRDA:148,5,0,1
BRDA:148,5,1,4
BRDA:162,6,0,12
BRDA:162,6,1,22
BRDA:176,7,0,2
BRDA:176,7,1,3
BRDA:191,8,0,2
BRDA:191,8,1,3
BRDA:206,9,0,10
BRDA:206,9,1,14
BRDA:220,10,0,2
BRDA:220,10,1,3
BRDA:234,11,0,4
BRDA:234,11,1,3
BRDA:234,12,0,7
BRDA:234,12,1,5
BRDA:248,13,0,0
BRDA:248,13,1,1
BRDA:263,14,0,3
BRDA:263,14,1,16
BRDA:294,15,0,2
BRDA:294,15,1,3
BRDA:309,16,0,29
BRDA:309,16,1,80
BRDA:323,17,0,3
BRDA:323,17,1,2
BRDA:338,18,0,12
BRDA:338,18,1,26
BRDA:338,19,0,38
BRDA:338,19,1,30
BRDA:339,20,0,4
BRDA:339,20,1,8
BRDA:352,21,0,2
BRDA:352,21,1,4
BRDA:366,22,0,2
BRDA:366,22,1,3
BRDA:381,23,0,37
BRDA:381,23,1,89
BRDA:396,24,0,2
BRDA:396,24,1,2
BRDA:410,25,0,3
BRDA:410,25,1,3
BRDA:410,26,0,6
BRDA:410,26,1,4
BRDA:425,27,0,2
BRDA:425,27,1,4
BRDA:432,28,0,2
BRDA:432,28,1,22
BRDA:433,29,0,1
BRDA:433,29,1,21
BRDA:434,30,0,0
BRDA:434,30,1,21
BRDA:435,31,0,0
BRDA:435,31,1,21
BRDA:436,32,0,0
BRDA:436,32,1,21
BRDA:437,33,0,0
BRDA:437,33,1,21
BRDA:471,34,0,5
BRDA:471,34,1,3
BRDA:490,35,0,2
BRDA:490,35,1,3
BRDA:490,36,0,5
BRDA:490,36,1,4
BRDA:507,37,0,4
BRDA:507,37,1,13
BRDA:525,38,0,1
BRDA:525,38,1,3
BRDA:542,39,0,2
BRDA:542,39,1,4
BRDA:560,40,0,5
BRDA:560,40,1,9
BRDA:583,41,0,1
BRDA:583,41,1,14
BRDA:592,42,0,4
BRDA:592,42,1,10
BRDA:600,43,0,1
BRDA:600,43,1,9
BRDA:600,44,0,10
BRDA:600,44,1,10
BRDA:605,45,0,3
BRDA:605,45,1,6
BRDA:605,46,0,9
BRDA:605,46,1,8
BRDA:605,46,2,7
BRDA:623,47,0,2
BRDA:623,47,1,3
BRDA:640,48,0,1
BRDA:640,48,1,4
BRDA:657,49,0,2
BRDA:657,49,1,3
BRDA:674,50,0,2
BRDA:674,50,1,3
BRDA:839,51,0,315
BRDA:839,51,1,3
BRDA:846,52,0,1
BRDA:846,52,1,320
BRDA:881,53,0,5
BRDA:881,53,1,98
BRDA:885,54,0,1
BRDA:885,54,1,105
BRDA:919,55,0,47
BRDA:919,56,0,47
BRDA:923,57,0,4
BRDA:923,57,1,59
BRDA:923,58,0,63
BRDA:923,58,1,61
BRDA:923,58,2,61
BRDA:928,59,0,2
BRDA:928,59,1,57
BRDA:928,60,0,59
BRDA:928,60,1,58
BRDA:928,60,2,58
BRDA:936,61,0,27
BRDA:936,61,1,69
BRDA:939,62,0,96
BRDA:939,62,1,71
BRDA:940,63,0,10
BRDA:940,63,1,86
BRDA:940,64,0,96
BRDA:940,64,1,10
BRDA:943,65,0,5
BRDA:943,65,1,91
BRDA:944,66,0,3
BRDA:944,66,1,2
BRDA:951,67,0,1
BRDA:951,67,1,90
BRDA:951,68,0,91
BRDA:951,68,1,3
BRDA:958,69,0,0
BRDA:958,69,1,0
BRDA:964,70,0,3
BRDA:964,70,1,54
BRDA:967,71,0,1
BRDA:967,71,1,1
BRDA:989,72,0,78
BRDA:989,72,1,24
BRDA:990,73,0,1
BRDA:990,73,1,77
BRDA:996,74,0,1
BRDA:996,74,1,76
BRDA:1009,75,0,20
BRDA:1009,75,1,56
BRDA:1010,76,0,19
BRDA:1010,76,1,1
BRDA:1015,77,0,8
BRDA:1015,77,1,16
BRDA:1016,78,0,1
BRDA:1016,78,1,7
BRDA:1021,79,0,1
BRDA:1021,79,1,6
BRDA:1026,80,0,1
BRDA:1026,80,1,5
BRDA:1032,81,0,1
BRDA:1032,81,1,4
BRDA:1041,82,0,0
BRDA:1041,82,1,0
BRDA:1047,83,0,15
BRDA:1047,83,1,1
BRDA:1047,84,0,16
BRDA:1047,84,1,15
BRDA:1047,84,2,15
BRDA:1048,85,0,1
BRDA:1048,85,1,14
BRDA:1048,86,0,15
BRDA:1048,86,1,14
BRDA:1048,86,2,14
BRDA:1063,87,0,0
BRDA:1063,87,1,1
BRDA:1085,88,0,5
BRDA:1085,88,1,6
BRDA:1102,89,0,2
BRDA:1102,89,1,5
BRDA:1142,90,0,4
BRDA:1142,90,1,16
BRDA:1146,91,0,2
BRDA:1146,91,1,14
BRDA:1146,92,0,16
BRDA:1146,92,1,15
BRDA:1146,92,2,14
BRDA:1146,92,3,0
BRDA:1154,93,0,15
BRDA:1154,93,1,0
BRDA:1155,94,0,15
BRDA:1155,94,1,0
BRDA:1156,95,0,1
BRDA:1156,95,1,14
BRDA:1156,96,0,15
BRDA:1156,96,1,2
BRDA:1161,97,0,10
BRDA:1161,97,1,4
BRDA:1166,98,0,0
BRDA:1166,98,1,4
BRDA:1166,99,0,4
BRDA:1166,99,1,0
BRDA:1178,100,0,3
BRDA:1178,100,1,8
BRDA:1204,101,0,1
BRDA:1204,101,1,10
BRDA:1204,102,0,11
BRDA:1204,102,1,1
BRDA:1217,103,0,2
BRDA:1217,103,1,8
BRF:212
BRH:197
end_of_record
